[05-10-2025 19:29:13] [INFO] API running at http://localhost:3144
[05-10-2025 19:29:48] [INFO] Client ready! Signed in as Lumix#2650!
[05-10-2025 19:29:48] [INFO] API running at http://localhost:3144
[05-10-2025 19:32:56] [INFO] Loading module: ExposeGuildChannels
[05-10-2025 19:32:56] [INFO] Loaded module "ExposeGuildChannels": modules\ExposeGuildChannels
[05-10-2025 19:32:56] [INFO] Loading module: ExposeGuildChannels
[05-10-2025 19:32:56] [INFO] Loaded module "ExposeGuildChannels": modules\ExposeGuildChannels
[05-10-2025 19:32:56] [INFO] Client ready! Signed in as Lumix#2650!
[05-10-2025 19:32:56] [INFO] API running at http://localhost:3144
[05-10-2025 19:36:25] [INFO] Loading module: ExposeGuildChannels
[05-10-2025 19:36:25] [INFO] Loaded module "ExposeGuildChannels": modules\ExposeGuildChannels
[05-10-2025 19:36:25] [INFO] Loading module: ExposeGuildChannels
[05-10-2025 19:36:25] [INFO] Loaded module "ExposeGuildChannels": modules\ExposeGuildChannels
[05-10-2025 19:36:25] [INFO] Client ready! Signed in as Lumix#2650!
[05-10-2025 19:36:25] [INFO] API running at http://localhost:3144
[05-10-2025 19:36:27] [INFO] Loading module: ExposeGuildChannels
[05-10-2025 19:36:27] [INFO] Loaded module "ExposeGuildChannels": modules\ExposeGuildChannels
[05-10-2025 19:36:27] [INFO] Loading module: ExposeGuildChannels
[05-10-2025 19:36:27] [INFO] Loaded module "ExposeGuildChannels": modules\ExposeGuildChannels
[05-10-2025 19:36:27] [INFO] Client ready! Signed in as Lumix#2650!
[05-10-2025 19:36:27] [INFO] API running at http://localhost:3144
[05-10-2025 19:37:22] [INFO] Loading module: ExposeGuildChannels
[05-10-2025 19:37:22] [INFO] Loaded module "ExposeGuildChannels": modules\ExposeGuildChannels
[05-10-2025 19:37:22] [INFO] Loading module: ExposeGuildChannels
[05-10-2025 19:37:22] [INFO] Loaded module "ExposeGuildChannels": modules\ExposeGuildChannels
[05-10-2025 19:37:22] [INFO] Client ready! Signed in as Lumix#2650!
[05-10-2025 19:37:22] [INFO] API running at http://localhost:3144
[05-10-2025 19:37:30] [INFO] Loading module: ExposeGuildChannels
[05-10-2025 19:37:30] [INFO] Loaded module "ExposeGuildChannels": modules\ExposeGuildChannels
[05-10-2025 19:37:30] [INFO] Loading module: ExposeGuildChannels
[05-10-2025 19:37:30] [INFO] Loaded module "ExposeGuildChannels": modules\ExposeGuildChannels
[05-10-2025 19:37:30] [INFO] Client ready! Signed in as Lumix#2650!
[05-10-2025 19:37:30] [INFO] API running at http://localhost:3144
[05-10-2025 19:37:35] [INFO] Loading module: ExposeGuildChannels
[05-10-2025 19:37:35] [INFO] Loaded module "ExposeGuildChannels": modules\ExposeGuildChannels
[05-10-2025 19:37:35] [INFO] Loading module: ExposeGuildChannels
[05-10-2025 19:37:35] [INFO] Loaded module "ExposeGuildChannels": modules\ExposeGuildChannels
[05-10-2025 19:37:35] [INFO] Client ready! Signed in as Lumix#2650!
[05-10-2025 19:37:35] [INFO] API running at http://localhost:3144
[05-10-2025 19:37:38] [INFO] Loading module: ExposeGuildChannels
[05-10-2025 19:37:38] [INFO] Loaded module "ExposeGuildChannels": modules\ExposeGuildChannels
[05-10-2025 19:37:38] [INFO] Loading module: ExposeGuildChannels
[05-10-2025 19:37:38] [INFO] Loaded module "ExposeGuildChannels": modules\ExposeGuildChannels
[05-10-2025 19:37:38] [INFO] Client ready! Signed in as Lumix#2650!
[05-10-2025 19:37:38] [INFO] API running at http://localhost:3144
[05-10-2025 19:37:45] [INFO] Loading module: ExposeGuildChannels
[05-10-2025 19:37:45] [INFO] Loaded module "ExposeGuildChannels": modules\ExposeGuildChannels
[05-10-2025 19:37:45] [INFO] Loading module: ExposeGuildChannels
[05-10-2025 19:37:45] [INFO] Loaded module "ExposeGuildChannels": modules\ExposeGuildChannels
[05-10-2025 19:37:45] [INFO] Client ready! Signed in as Lumix#2650!
[05-10-2025 19:37:45] [INFO] API running at http://localhost:3144
[05-10-2025 19:37:56] [INFO] Loading module: ExposeGuildChannels
[05-10-2025 19:37:56] [INFO] Loaded module "ExposeGuildChannels": modules\ExposeGuildChannels
[05-10-2025 19:37:56] [INFO] Loading module: ExposeGuildChannels
[05-10-2025 19:37:56] [INFO] Loaded module "ExposeGuildChannels": modules\ExposeGuildChannels
[05-10-2025 19:37:56] [INFO] Client ready! Signed in as Lumix#2650!
[05-10-2025 19:37:56] [INFO] API running at http://localhost:3144
[05-10-2025 20:23:59] [INFO] Loading module: BumpReminder
[05-10-2025 20:23:59] [INFO] Loaded module "BumpReminder": modules\BumpReminder
[05-10-2025 20:23:59] [INFO] Loading module: ExposeGuildChannels
[05-10-2025 20:23:59] [INFO] Loaded module "ExposeGuildChannels": modules\ExposeGuildChannels
[05-10-2025 20:23:59] [INFO] Migration 1759688482-bump_reminder_settings.sql successfully executed!
[05-10-2025 20:23:59] [INFO] Loading module: BumpReminder
[05-10-2025 20:23:59] [INFO] Loaded module "BumpReminder": modules\BumpReminder
[05-10-2025 20:23:59] [INFO] Loading module: ExposeGuildChannels
[05-10-2025 20:23:59] [INFO] Loaded module "ExposeGuildChannels": modules\ExposeGuildChannels
[05-10-2025 20:23:59] [INFO] Client ready! Signed in as Lumix#2650!
[05-10-2025 20:23:59] [INFO] API running at http://localhost:3144
[05-10-2025 22:02:06] [INFO] Loading module: BumpReminder
[05-10-2025 22:02:06] [INFO] Loaded module "BumpReminder": modules\BumpReminder
[05-10-2025 22:02:06] [INFO] Loading module: ExposeGuildChannels
[05-10-2025 22:02:06] [INFO] Loaded module "ExposeGuildChannels": modules\ExposeGuildChannels
[05-10-2025 22:02:06] [INFO] Migration 1759694469-create_birthday_settings_table.sql successfully executed!
[05-10-2025 22:02:06] [INFO] Loading module: BumpReminder
[05-10-2025 22:02:06] [INFO] Loaded module "BumpReminder": modules\BumpReminder
[05-10-2025 22:02:06] [INFO] Loading module: ExposeGuildChannels
[05-10-2025 22:02:06] [INFO] Loaded module "ExposeGuildChannels": modules\ExposeGuildChannels
[05-10-2025 22:02:06] [INFO] Client ready! Signed in as Lumix#2650!
[05-10-2025 22:02:06] [INFO] API running at http://localhost:3144
[06-10-2025 10:09:17] [INFO] Loading module: BumpReminder
[06-10-2025 10:09:17] [INFO] Loaded module "BumpReminder": modules\BumpReminder
[06-10-2025 10:09:17] [INFO] Loading module: ExposeGuildChannels
[06-10-2025 10:09:17] [INFO] Loaded module "ExposeGuildChannels": modules\ExposeGuildChannels
[06-10-2025 10:09:18] [INFO] Migration 1759737986-create_bot_settings_table.sql successfully executed!
[06-10-2025 10:09:18] [INFO] Loading module: BumpReminder
[06-10-2025 10:09:18] [INFO] Loaded module "BumpReminder": modules\BumpReminder
[06-10-2025 10:09:18] [INFO] Loading module: ExposeGuildChannels
[06-10-2025 10:09:18] [INFO] Loaded module "ExposeGuildChannels": modules\ExposeGuildChannels
[06-10-2025 10:09:18] [INFO] Client ready! Signed in as Lumix#2650!
[06-10-2025 10:09:18] [INFO] API running at http://localhost:3144
[06-10-2025 10:31:43] [INFO] Loading module: BumpReminder
[06-10-2025 10:31:43] [INFO] Loaded module "BumpReminder": modules\BumpReminder
[06-10-2025 10:31:43] [INFO] Loading module: ExposeGuildData
[06-10-2025 10:31:43] [INFO] Loaded module "ExposeGuildData": modules\ExposeGuildData
[06-10-2025 10:31:43] [INFO] Loading module: BumpReminder
[06-10-2025 10:31:43] [INFO] Loaded module "BumpReminder": modules\BumpReminder
[06-10-2025 10:31:43] [INFO] Loading module: ExposeGuildData
[06-10-2025 10:31:43] [INFO] API running at http://localhost:3144
[06-10-2025 10:31:43] [INFO] Loaded module "ExposeGuildData": modules\ExposeGuildData
[06-10-2025 10:31:43] [INFO] Client ready! Signed in as Lumix#2650!
[06-10-2025 10:32:18] [INFO] Loading module: BumpReminder
[06-10-2025 10:32:18] [INFO] Loaded module "BumpReminder": modules\BumpReminder
[06-10-2025 10:32:18] [INFO] Loading module: ExposeGuildData
[06-10-2025 10:32:18] [INFO] Loaded module "ExposeGuildData": modules\ExposeGuildData
[06-10-2025 10:32:18] [INFO] Loading module: BumpReminder
[06-10-2025 10:32:18] [INFO] Loaded module "BumpReminder": modules\BumpReminder
[06-10-2025 10:32:18] [INFO] Loading module: ExposeGuildData
[06-10-2025 10:32:18] [INFO] Loaded module "ExposeGuildData": modules\ExposeGuildData
[06-10-2025 10:32:18] [INFO] Client ready! Signed in as Lumix#2650!
[06-10-2025 10:32:18] [INFO] API running at http://localhost:3144
[06-10-2025 10:32:49] [INFO] Loading module: BumpReminder
[06-10-2025 10:32:49] [INFO] Loaded module "BumpReminder": modules\BumpReminder
[06-10-2025 10:32:49] [INFO] Loading module: ExposeGuildData
[06-10-2025 10:32:49] [INFO] Loaded module "ExposeGuildData": modules\ExposeGuildData
[06-10-2025 10:32:49] [INFO] Loading module: BumpReminder
[06-10-2025 10:32:49] [INFO] Loaded module "BumpReminder": modules\BumpReminder
[06-10-2025 10:32:49] [INFO] Loading module: ExposeGuildData
[06-10-2025 10:32:49] [INFO] Loaded module "ExposeGuildData": modules\ExposeGuildData
[06-10-2025 10:32:49] [INFO] Client ready! Signed in as Lumix#2650!
[06-10-2025 10:32:49] [INFO] API running at http://localhost:3144
[06-10-2025 10:32:55] [INFO] Loading module: BumpReminder
[06-10-2025 10:32:55] [INFO] Loaded module "BumpReminder": modules\BumpReminder
[06-10-2025 10:32:55] [INFO] Loading module: ExposeGuildData
[06-10-2025 10:32:55] [INFO] Loaded module "ExposeGuildData": modules\ExposeGuildData
[06-10-2025 10:32:55] [INFO] Loading module: BumpReminder
[06-10-2025 10:32:55] [INFO] Loaded module "BumpReminder": modules\BumpReminder
[06-10-2025 10:32:55] [INFO] Loading module: ExposeGuildData
[06-10-2025 10:32:55] [INFO] Loaded module "ExposeGuildData": modules\ExposeGuildData
[06-10-2025 10:32:55] [INFO] Client ready! Signed in as Lumix#2650!
[06-10-2025 10:32:56] [INFO] API running at http://localhost:3144
[06-10-2025 13:25:33] [INFO] Loading module: BumpReminder
[06-10-2025 13:25:33] [INFO] Loaded module "BumpReminder": modules\BumpReminder
[06-10-2025 13:25:33] [INFO] Loading module: ExposeGuildData
[06-10-2025 13:25:33] [INFO] Loaded module "ExposeGuildData": modules\ExposeGuildData
[06-10-2025 13:25:33] [INFO] Loading module: BumpReminder
[06-10-2025 13:25:33] [INFO] API running at http://localhost:3144
[06-10-2025 13:25:33] [INFO] Loaded module "BumpReminder": modules\BumpReminder
[06-10-2025 13:25:33] [INFO] Loading module: ExposeGuildData
[06-10-2025 13:25:33] [INFO] Loaded module "ExposeGuildData": modules\ExposeGuildData
[06-10-2025 13:25:33] [INFO] Client ready! Signed in as Lumix#2650!
[06-10-2025 13:38:31] [INFO] Loading module: BumpReminder
[06-10-2025 13:38:31] [INFO] Loaded module "BumpReminder": modules\BumpReminder
[06-10-2025 13:38:31] [INFO] Loading module: ExposeGuildData
[06-10-2025 13:38:31] [INFO] Loaded module "ExposeGuildData": modules\ExposeGuildData
[06-10-2025 13:38:31] [INFO] Migration 1759750652-create_welcome_message_settings_table.sql successfully executed!
[06-10-2025 13:38:31] [INFO] Loading module: BumpReminder
[06-10-2025 13:38:31] [INFO] API running at http://localhost:3144
[06-10-2025 13:38:31] [INFO] Loaded module "BumpReminder": modules\BumpReminder
[06-10-2025 13:38:31] [INFO] Loading module: ExposeGuildData
[06-10-2025 13:38:31] [INFO] Loaded module "ExposeGuildData": modules\ExposeGuildData
[06-10-2025 13:38:31] [INFO] Client ready! Signed in as Lumix#2650!
[06-10-2025 13:38:52] [INFO] Loading module: BumpReminder
[06-10-2025 13:38:52] [INFO] Loaded module "BumpReminder": modules\BumpReminder
[06-10-2025 13:38:52] [INFO] Loading module: ExposeGuildData
[06-10-2025 13:38:52] [INFO] Loaded module "ExposeGuildData": modules\ExposeGuildData
[06-10-2025 13:38:52] [INFO] Loading module: BumpReminder
[06-10-2025 13:38:52] [INFO] API running at http://localhost:3144
[06-10-2025 13:38:52] [INFO] Loaded module "BumpReminder": modules\BumpReminder
[06-10-2025 13:38:52] [INFO] Loading module: ExposeGuildData
[06-10-2025 13:38:52] [INFO] Loaded module "ExposeGuildData": modules\ExposeGuildData
[06-10-2025 13:38:52] [INFO] Client ready! Signed in as Lumix#2650!
[06-10-2025 13:39:04] [INFO] Loading module: BumpReminder
[06-10-2025 13:39:04] [INFO] Loaded module "BumpReminder": modules\BumpReminder
[06-10-2025 13:39:04] [INFO] Loading module: ExposeGuildData
[06-10-2025 13:39:04] [INFO] Loaded module "ExposeGuildData": modules\ExposeGuildData
[06-10-2025 13:39:04] [INFO] Migration 1759750652-create_welcome_message_settings_table.sql successfully executed!
[06-10-2025 13:39:04] [INFO] Loading module: BumpReminder
[06-10-2025 13:39:04] [INFO] Loaded module "BumpReminder": modules\BumpReminder
[06-10-2025 13:39:04] [INFO] Loading module: ExposeGuildData
[06-10-2025 13:39:04] [INFO] Loaded module "ExposeGuildData": modules\ExposeGuildData
[06-10-2025 13:39:04] [INFO] Client ready! Signed in as Lumix#2650!
[06-10-2025 13:39:04] [INFO] API running at http://localhost:3144
[06-10-2025 13:39:28] [INFO] Loading module: BumpReminder
[06-10-2025 13:39:28] [INFO] Loaded module "BumpReminder": modules\BumpReminder
[06-10-2025 13:39:28] [INFO] Loading module: ExposeGuildData
[06-10-2025 13:39:28] [INFO] Loaded module "ExposeGuildData": modules\ExposeGuildData
[06-10-2025 13:39:28] [INFO] Migration 1759750652-create_welcome_message_settings_table.sql successfully executed!
[06-10-2025 13:39:28] [INFO] Loading module: BumpReminder
[06-10-2025 13:39:28] [INFO] Loaded module "BumpReminder": modules\BumpReminder
[06-10-2025 13:39:28] [INFO] Loading module: ExposeGuildData
[06-10-2025 13:39:28] [INFO] Loaded module "ExposeGuildData": modules\ExposeGuildData
[06-10-2025 13:39:28] [INFO] Client ready! Signed in as Lumix#2650!
[06-10-2025 13:39:28] [INFO] API running at http://localhost:3144
[06-10-2025 14:32:06] [INFO] Loading module: Bot
[06-10-2025 14:32:06] [INFO] Loaded module "Bot": modules\Bot
[06-10-2025 14:32:06] [INFO] Loading module: BumpReminder
[06-10-2025 14:32:06] [INFO] Loaded module "BumpReminder": modules\BumpReminder
[06-10-2025 14:32:06] [INFO] Loading module: ExposeGuildData
[06-10-2025 14:32:06] [INFO] Loaded module "ExposeGuildData": modules\ExposeGuildData
[06-10-2025 14:32:06] [INFO] Loading module: Bot
[06-10-2025 14:32:06] [INFO] Loaded module "Bot": modules\Bot
[06-10-2025 14:32:06] [INFO] Loading module: BumpReminder
[06-10-2025 14:32:06] [INFO] Loaded module "BumpReminder": modules\BumpReminder
[06-10-2025 14:32:06] [INFO] Loading module: ExposeGuildData
[06-10-2025 14:32:06] [INFO] Loaded module "ExposeGuildData": modules\ExposeGuildData
[06-10-2025 14:32:06] [INFO] Client ready! Signed in as Lumix#2650!
[06-10-2025 14:32:06] [INFO] API running at http://localhost:3144
[06-10-2025 14:33:02] [INFO] Loading module: Bot
[06-10-2025 14:33:02] [INFO] Loaded module "Bot": modules\Bot
[06-10-2025 14:33:02] [INFO] Loading module: BumpReminder
[06-10-2025 14:33:02] [INFO] Loaded module "BumpReminder": modules\BumpReminder
[06-10-2025 14:33:02] [INFO] Loading module: ExposeGuildData
[06-10-2025 14:33:02] [INFO] Loaded module "ExposeGuildData": modules\ExposeGuildData
[06-10-2025 14:33:02] [INFO] Loading module: Bot
[06-10-2025 14:33:02] [INFO] Loaded module "Bot": modules\Bot
[06-10-2025 14:33:02] [INFO] Loading module: BumpReminder
[06-10-2025 14:33:02] [INFO] Loaded module "BumpReminder": modules\BumpReminder
[06-10-2025 14:33:02] [INFO] Loading module: ExposeGuildData
[06-10-2025 14:33:02] [INFO] Loaded module "ExposeGuildData": modules\ExposeGuildData
[06-10-2025 14:33:02] [INFO] Client ready! Signed in as Lumix#2650!
[06-10-2025 14:33:02] [INFO] API running at http://localhost:3144
[06-10-2025 14:34:07] [INFO] Loading module: Bot
[06-10-2025 14:34:07] [INFO] Loaded module "Bot": modules\Bot
[06-10-2025 14:34:07] [INFO] Loading module: BumpReminder
[06-10-2025 14:34:07] [INFO] Loaded module "BumpReminder": modules\BumpReminder
[06-10-2025 14:34:07] [INFO] Loading module: ExposeGuildData
[06-10-2025 14:34:07] [INFO] Loaded module "ExposeGuildData": modules\ExposeGuildData
[06-10-2025 14:34:07] [INFO] Loading module: Bot
[06-10-2025 14:34:07] [INFO] Loaded module "Bot": modules\Bot
[06-10-2025 14:34:07] [INFO] Loading module: BumpReminder
[06-10-2025 14:34:07] [INFO] Loaded module "BumpReminder": modules\BumpReminder
[06-10-2025 14:34:07] [INFO] Loading module: ExposeGuildData
[06-10-2025 14:34:07] [INFO] Loaded module "ExposeGuildData": modules\ExposeGuildData
[06-10-2025 14:34:07] [INFO] Client ready! Signed in as Lumix#2650!
[06-10-2025 14:34:07] [INFO] API running at http://localhost:3144
[06-10-2025 16:38:02] [INFO] Loading module: Bot
[06-10-2025 16:38:02] [INFO] Loaded module "Bot": modules\Bot
[06-10-2025 16:38:02] [INFO] Loading module: BumpReminder
[06-10-2025 16:38:02] [INFO] Loaded module "BumpReminder": modules\BumpReminder
[06-10-2025 16:38:02] [INFO] Loading module: ExposeGuildData
[06-10-2025 16:38:02] [INFO] Loaded module "ExposeGuildData": modules\ExposeGuildData
[06-10-2025 16:38:02] [INFO] Loading module: Users
[06-10-2025 16:38:02] [INFO] Loaded module "Users": modules\Users
[06-10-2025 16:38:02] [INFO] Loading module: Bot
[06-10-2025 16:38:02] [INFO] Loaded module "Bot": modules\Bot
[06-10-2025 16:38:02] [INFO] Loading module: BumpReminder
[06-10-2025 16:38:02] [INFO] Loaded module "BumpReminder": modules\BumpReminder
[06-10-2025 16:38:02] [INFO] Loading module: ExposeGuildData
[06-10-2025 16:38:02] [INFO] Loaded module "ExposeGuildData": modules\ExposeGuildData
[06-10-2025 16:38:02] [INFO] Loading module: Users
[06-10-2025 16:38:02] [INFO] Loaded module "Users": modules\Users
[06-10-2025 16:38:02] [INFO] Client ready! Signed in as Lumix#2650!
[06-10-2025 16:38:02] [INFO] API running at http://localhost:3144
[06-10-2025 16:39:30] [INFO] Loading module: Bot
[06-10-2025 16:39:30] [INFO] Loaded module "Bot": modules\Bot
[06-10-2025 16:39:30] [INFO] Loading module: BumpReminder
[06-10-2025 16:39:30] [INFO] Loaded module "BumpReminder": modules\BumpReminder
[06-10-2025 16:39:30] [INFO] Loading module: ExposeGuildData
[06-10-2025 16:39:30] [INFO] Loaded module "ExposeGuildData": modules\ExposeGuildData
[06-10-2025 16:39:30] [INFO] Loading module: Users
[06-10-2025 16:39:30] [INFO] Loaded module "Users": modules\Users
[06-10-2025 16:39:30] [INFO] Loading module: Bot
[06-10-2025 16:39:30] [INFO] API running at http://localhost:3144
[06-10-2025 16:39:30] [INFO] Loaded module "Bot": modules\Bot
[06-10-2025 16:39:30] [INFO] Loading module: BumpReminder
[06-10-2025 16:39:30] [INFO] Loaded module "BumpReminder": modules\BumpReminder
[06-10-2025 16:39:30] [INFO] Loading module: ExposeGuildData
[06-10-2025 16:39:30] [INFO] Loaded module "ExposeGuildData": modules\ExposeGuildData
[06-10-2025 16:39:30] [INFO] Loading module: Users
[06-10-2025 16:39:30] [INFO] Loaded module "Users": modules\Users
[06-10-2025 16:39:30] [INFO] Client ready! Signed in as Lumix#2650!
[06-10-2025 18:36:18] [INFO] Loading module: AutoMessage
[06-10-2025 18:36:18] [INFO] Loaded module "AutoMessage": modules\AutoMessage
[06-10-2025 18:36:18] [INFO] Loading module: Bot
[06-10-2025 18:36:18] [INFO] Loaded module "Bot": modules\Bot
[06-10-2025 18:36:18] [INFO] Loading module: BumpReminder
[06-10-2025 18:36:18] [INFO] Loaded module "BumpReminder": modules\BumpReminder
[06-10-2025 18:36:18] [INFO] Loading module: ExposeGuildData
[06-10-2025 18:36:18] [INFO] Loaded module "ExposeGuildData": modules\ExposeGuildData
[06-10-2025 18:36:18] [INFO] Loading module: Users
[06-10-2025 18:36:18] [INFO] Loaded module "Users": modules\Users
[06-10-2025 18:36:18] [INFO] Migration 1759768430-create_auto_message_table.sql successfully executed!
[06-10-2025 18:36:18] [INFO] Loading module: AutoMessage
[06-10-2025 18:36:18] [INFO] Loaded module "AutoMessage": modules\AutoMessage
[06-10-2025 18:36:18] [INFO] Loading module: Bot
[06-10-2025 18:36:18] [INFO] Loaded module "Bot": modules\Bot
[06-10-2025 18:36:18] [INFO] Loading module: BumpReminder
[06-10-2025 18:36:18] [INFO] Loaded module "BumpReminder": modules\BumpReminder
[06-10-2025 18:36:18] [INFO] Loading module: ExposeGuildData
[06-10-2025 18:36:18] [INFO] Loaded module "ExposeGuildData": modules\ExposeGuildData
[06-10-2025 18:36:18] [INFO] Loading module: Users
[06-10-2025 18:36:18] [INFO] API running at http://localhost:3144
[06-10-2025 18:36:18] [INFO] Loaded module "Users": modules\Users
[06-10-2025 18:36:18] [INFO] Client ready! Signed in as Lumix#2650!
